app/build/intermediates/manifest_merge_blame_file/debug/manifest-merger-blame-debug-report.txt
1<?xml version="1.0" encoding="utf-8"?>
2<manifest xmlns:android="http://schemas.android.com/apk/res/android"
3    package="com.putri.aplikasipendeteksigayabesar"
4    android:versionCode="1"
5    android:versionName="1.0" >
6
7    <uses-sdk
8        android:minSdkVersion="28"
8-->src\main\AndroidManifest.xml
9        android:targetSdkVersion="32" />
9-->src\main\AndroidManifest.xml
10
11    <application
11-->src\main\AndroidManifest.xml:6:5-58:19
12        android:allowBackup="true"
12-->src\main\AndroidManifest.xml:7:9-35
13        android:appComponentFactory="androidx.core.app.CoreComponentFactory"
13-->[androidx.core:core:1.8.0] AndroidManifest.xml:24:18-86
14        android:dataExtractionRules="@xml/data_extraction_rules"
14-->src\main\AndroidManifest.xml:8:9-65
15        android:debuggable="true"
16        android:extractNativeLibs="false"
17        android:fullBackupContent="@xml/backup_rules"
17-->src\main\AndroidManifest.xml:9:9-54
18        android:icon="@mipmap/ic_launcher"
18-->src\main\AndroidManifest.xml:10:9-43
19        android:label="@string/app_name"
19-->src\main\AndroidManifest.xml:11:9-41
20        android:roundIcon="@mipmap/ic_launcher_round"
20-->src\main\AndroidManifest.xml:12:9-54
21        android:supportsRtl="true"
21-->src\main\AndroidManifest.xml:13:9-35
22        android:testOnly="true"
23        android:theme="@style/Theme.PendeteksiGayaBelajar" >
23-->src\main\AndroidManifest.xml:14:9-59
24        <activity
24-->src\main\AndroidManifest.xml:16:9-18:40
25            android:name="com.putri.aplikasipendeteksigayabesar.TestIndex1"
25-->src\main\AndroidManifest.xml:17:13-39
26            android:exported="false" />
26-->src\main\AndroidManifest.xml:18:13-37
27        <activity
27-->src\main\AndroidManifest.xml:19:9-22:45
28            android:name="com.putri.aplikasipendeteksigayabesar.DataHelper"
28-->src\main\AndroidManifest.xml:20:13-39
29            android:exported="false" />
29-->src\main\AndroidManifest.xml:21:13-37
30        <activity
30-->src\main\AndroidManifest.xml:23:9-26:66
31            android:name="com.putri.aplikasipendeteksigayabesar.TestResults"
31-->src\main\AndroidManifest.xml:24:13-40
32            android:exported="false"
32-->src\main\AndroidManifest.xml:25:13-37
33            android:label="@string/title_activity_hasiil_test" />
33-->src\main\AndroidManifest.xml:26:13-63
34        <activity
34-->src\main\AndroidManifest.xml:27:9-29:40
35            android:name="com.putri.aplikasipendeteksigayabesar.TestIndex"
35-->src\main\AndroidManifest.xml:28:13-38
36            android:exported="false" />
36-->src\main\AndroidManifest.xml:29:13-37
37        <activity
37-->src\main\AndroidManifest.xml:30:9-32:40
38            android:name="com.putri.aplikasipendeteksigayabesar.ResultData"
38-->src\main\AndroidManifest.xml:31:13-39
39            android:exported="false" />
39-->src\main\AndroidManifest.xml:32:13-37
40        <activity
40-->src\main\AndroidManifest.xml:33:9-35:40
41            android:name="com.putri.aplikasipendeteksigayabesar.QuestionData"
41-->src\main\AndroidManifest.xml:34:13-41
42            android:exported="false" />
42-->src\main\AndroidManifest.xml:35:13-37
43        <activity
43-->src\main\AndroidManifest.xml:36:9-38:40
44            android:name="com.putri.aplikasipendeteksigayabesar.HelloAdmin"
44-->src\main\AndroidManifest.xml:37:13-39
45            android:exported="false" />
45-->src\main\AndroidManifest.xml:38:13-37
46        <activity
46-->src\main\AndroidManifest.xml:39:9-41:40
47            android:name="com.putri.aplikasipendeteksigayabesar.StartPage"
47-->src\main\AndroidManifest.xml:40:13-38
48            android:exported="false" />
48-->src\main\AndroidManifest.xml:41:13-37
49        <activity
49-->src\main\AndroidManifest.xml:42:9-44:40
50            android:name="com.putri.aplikasipendeteksigayabesar.LoginError"
50-->src\main\AndroidManifest.xml:43:13-39
51            android:exported="false" />
51-->src\main\AndroidManifest.xml:44:13-37
52        <activity
52-->src\main\AndroidManifest.xml:45:9-53:20
53            android:name="com.putri.aplikasipendeteksigayabesar.MainActivity"
53-->src\main\AndroidManifest.xml:46:13-41
54            android:exported="true" >
54-->src\main\AndroidManifest.xml:47:13-36
55            <intent-filter>
55-->src\main\AndroidManifest.xml:48:13-52:29
56                <action android:name="android.intent.action.MAIN" />
56-->src\main\AndroidManifest.xml:49:17-69
56-->src\main\AndroidManifest.xml:49:25-66
57
58                <category android:name="android.intent.category.LAUNCHER" />
58-->src\main\AndroidManifest.xml:51:17-77
58-->src\main\AndroidManifest.xml:51:27-74
59            </intent-filter>
60        </activity>
61
62        <meta-data
62-->src\main\AndroidManifest.xml:55:9-57:57
63            android:name="preloaded_fonts"
63-->src\main\AndroidManifest.xml:56:13-43
64            android:resource="@array/preloaded_fonts" />
64-->src\main\AndroidManifest.xml:57:13-54
65
66        <provider
66-->[androidx.emoji2:emoji2:1.2.0] AndroidManifest.xml:24:9-32:20
67            android:name="androidx.startup.InitializationProvider"
67-->[androidx.emoji2:emoji2:1.2.0] AndroidManifest.xml:25:13-67
68            android:authorities="com.putri.aplikasipendeteksigayabesar.androidx-startup"
68-->[androidx.emoji2:emoji2:1.2.0] AndroidManifest.xml:26:13-68
69            android:exported="false" >
69-->[androidx.emoji2:emoji2:1.2.0] AndroidManifest.xml:27:13-37
70            <meta-data
70-->[androidx.emoji2:emoji2:1.2.0] AndroidManifest.xml:29:13-31:52
71                android:name="androidx.emoji2.text.EmojiCompatInitializer"
71-->[androidx.emoji2:emoji2:1.2.0] AndroidManifest.xml:30:17-75
72                android:value="androidx.startup" />
72-->[androidx.emoji2:emoji2:1.2.0] AndroidManifest.xml:31:17-49
73            <meta-data
73-->[androidx.lifecycle:lifecycle-process:2.4.1] AndroidManifest.xml:31:13-33:52
74                android:name="androidx.lifecycle.ProcessLifecycleInitializer"
74-->[androidx.lifecycle:lifecycle-process:2.4.1] AndroidManifest.xml:32:17-78
75                android:value="androidx.startup" />
75-->[androidx.lifecycle:lifecycle-process:2.4.1] AndroidManifest.xml:33:17-49
76        </provider>
77
78        <uses-library
78-->[androidx.window:window:1.0.0] AndroidManifest.xml:25:9-27:40
79            android:name="androidx.window.extensions"
79-->[androidx.window:window:1.0.0] AndroidManifest.xml:26:13-54
80            android:required="false" />
80-->[androidx.window:window:1.0.0] AndroidManifest.xml:27:13-37
81        <uses-library
81-->[androidx.window:window:1.0.0] AndroidManifest.xml:28:9-30:40
82            android:name="androidx.window.sidecar"
82-->[androidx.window:window:1.0.0] AndroidManifest.xml:29:13-51
83            android:required="false" />
83-->[androidx.window:window:1.0.0] AndroidManifest.xml:30:13-37
84    </application>
85
86</manifest>